INFO:Connecting to Spotify API
INFO:Done
INFO:Processing ﻿\Music\The Doors\L.A. Woman\05 - L.A. Woman.MP3
INFO:Processing \Music\The Doors\Alive She Cried\02 - Light My Fire.mp3
INFO:Processing \Music\The Clash\London Calling\04 - Hateful.mp3
INFO:Processing \Music\The Clash\London Calling\14 - The Card Cheat.mp3
INFO:Processing \Music\Cage The Elephant\Cage The Elephant\03 - Ain't No Rest For The Wicked.flac
INFO:Processing \Music\Arctic Monkeys\Whatever People Say I Am, That's What I'm Not\02 - I Bet You Look Good On The Dancefloor.mp3
INFO:Processing \Music\The Animals\Trackin' The Hits\1-01 - House Of The Rising Sun.flac
INFO:Processing \Music\a-ha\The Best Of\09 - Take on Me.mp3
INFO:Processing \Music\“Weird Al” Yankovic\The Essential  Weird Al  Yankovic\2-10 - eBay.flac
WARNING:Can't be confident we've found track \Music\“Weird Al” Yankovic\The Essential  Weird Al  Yankovic\2-10 - eBay.flac
INFO:Processing \Music\“Weird Al” Yankovic\The Essential  Weird Al  Yankovic\2-17 - White & Nerdy.flac
ERROR:Unexpected error: <class 'bdb.BdbQuit'>
INFO:Processing \Music\Bon Jovi\Bon Jovi Greatest Hits\1-02 - You Give Love A Bad Name.mp3
INFO:Processing \Music\Bonnie Tyler\The Magic Of Bonnie Tyler\12 - Total Eclipse Of The Heart.mp3
INFO:Processing \Music\The Chocolate Watchband\Melts In Your Brain...Not On Your Wrist (The Complete Recordings)\1-01 - Let's Talk About Girls.flac
INFO:Processing \Music\Led Zeppelin\Houses Of The Holy\06 - D'yer Mak'er.mp3
WARNING:Lame tag CRC check failed
INFO:Processing \Music\Led Zeppelin\Led Zeppelin\05 - Your Time Is Gonna Come.mp3
INFO:Processing \Music\The Chocolate Watchband\No Way Out...Plus\05 - Hot Dusty Road.flac
WARNING:Can't be confident we've found track \Music\The Chocolate Watchband\No Way Out...Plus\05 - Hot Dusty Road.flac
INFO:Processing \Music\Linkin Park\Hybrid Theory\1-05 - Crawling.mp3
INFO:Processing \Music\Led Zeppelin\In Through The Out Door\04 - Hot Dog.mp3
WARNING:Lame tag CRC check failed
