INFO:Connecting to Spotify API
INFO:Done
INFO:Processing ﻿\Music\The Doors\L.A. Woman\05 - L.A. Woman.MP3
INFO:Processing \Music\The Doors\Alive She Cried\02 - Light My Fire.mp3
INFO:Processing \Music\The Clash\London Calling\04 - Hateful.mp3
INFO:Processing \Music\The Clash\London Calling\14 - The Card Cheat.mp3
INFO:Processing \Music\Cage The Elephant\Cage The Elephant\03 - Ain't No Rest For The Wicked.flac
INFO:Processing \Music\Arctic Monkeys\Whatever People Say I Am, That's What I'm Not\02 - I Bet You Look Good On The Dancefloor.mp3
INFO:Processing \Music\The Animals\Trackin' The Hits\1-01 - House Of The Rising Sun.flac
INFO:Processing \Music\a-ha\The Best Of\09 - Take on Me.mp3
INFO:Processing \Music\“Weird Al” Yankovic\The Essential  Weird Al  Yankovic\2-10 - eBay.flac
WARNING:Can't be confident we've found track \Music\“Weird Al” Yankovic\The Essential  Weird Al  Yankovic\2-10 - eBay.flac
INFO:Processing \Music\“Weird Al” Yankovic\The Essential  Weird Al  Yankovic\2-17 - White & Nerdy.flac
WARNING:Can't be confident we've found track \Music\“Weird Al” Yankovic\The Essential  Weird Al  Yankovic\2-17 - White & Nerdy.flac
INFO:Processing \Music\Bon Jovi\Bon Jovi Greatest Hits\1-02 - You Give Love A Bad Name.mp3
INFO:Processing \Music\Bonnie Tyler\The Magic Of Bonnie Tyler\12 - Total Eclipse Of The Heart.mp3
INFO:Processing \Music\The Chocolate Watchband\Melts In Your Brain...Not On Your Wrist (The Complete Recordings)\1-01 - Let's Talk About Girls.flac
INFO:Processing \Music\Led Zeppelin\Houses Of The Holy\06 - D'yer Mak'er.mp3
WARNING:Lame tag CRC check failed
INFO:Processing \Music\Led Zeppelin\Led Zeppelin\05 - Your Time Is Gonna Come.mp3
INFO:Processing \Music\The Chocolate Watchband\No Way Out...Plus\05 - Hot Dusty Road.flac
WARNING:Can't be confident we've found track \Music\The Chocolate Watchband\No Way Out...Plus\05 - Hot Dusty Road.flac
INFO:Processing \Music\Linkin Park\Hybrid Theory\1-05 - Crawling.mp3
INFO:Processing \Music\Led Zeppelin\In Through The Out Door\04 - Hot Dog.mp3
WARNING:Lame tag CRC check failed
INFO:Processing \Music\Led Zeppelin\Coda\03 - I Can't Quit You Baby.mp3
WARNING:Lame tag CRC check failed
INFO:Processing \Music\Led Zeppelin\Coda\06 - Darlene.mp3
INFO:Processing \Music\Meat Loaf\Bat Out Of Hell\1-06 - Paradise By The Dashboard Light.flac
INFO:Processing \Music\Nickelback\All The Right Reasons\1-03 - Photograph.mp3
INFO:Processing \Music\O-Zone\DiscO-Zone\03 - Dragostea Din Tei.mp3
INFO:Processing \Music\Pendulum\In Silico\1-03 - Propane Nightmares.mp3
INFO:Processing \Music\Pink Floyd\Dark Side Of The Moon - 30th Anniversary SACD\06 - Money.mp3
INFO:Processing \Music\Queen\The Game\05 - Crazy Little Thing Called Love.mp3
INFO:Processing \Music\Queen\Greatest Hits\04 - Fat Bottomed Girls.mp3
INFO:Processing \Music\Robbie Williams\I've Been Expecting You\1-07 - Jesus In A Camper Van.mp3
WARNING:Can't be confident we've found track \Music\Robbie Williams\I've Been Expecting You\1-07 - Jesus In A Camper Van.mp3
INFO:Processing \Music\Smash Mouth\Smash Mouth\13 - I'm A Believer.mp3
INFO:Processing \Music\Smash Mouth\Smash Mouth\14 - Bonus Track - All Star.mp3
WARNING:Can't be confident we've found track \Music\Smash Mouth\Smash Mouth\14 - Bonus Track - All Star.mp3
INFO:Processing \Music\Starship\We Built This City  The Very Best Of Starship\1-01 - We Built This City.mp3
INFO:Processing \Music\Stevie Wonder\Songs In The Key Of Life\1-05 - Sir Duke.mp3
INFO:Processing \Music\Styx\The Grand Illusion\05 - Miss America.flac
INFO:Processing \Music\2Pac\All Eyez On Me\05 - How Do You Want It.mp3
INFO:Processing \Music\ABBA\ABBA Gold\1-08 - The Winner Takes It All.mp3
WARNING:Invalid date: 0206
INFO:Processing \Music\Avril Lavigne\The Best Damn Thing\1-01 - Girlfriend.mp3
INFO:Processing \Music\Avril Lavigne\Let Go\1-03 - Sk8er Boi.mp3
INFO:Processing \Music\Badfinger\Magic Christian Music (2010 Remaster)\1-05 - Midnight Sun.flac
INFO:Processing \Music\Badfinger\Magic Christian Music (2010 Remaster)\1-07 - Rock Of All Ages.flac
INFO:Processing \Music\Bee Gees\One Night Only [Live]\1-18 - Tragedy.mp3
INFO:Processing \Music\The Charlie Daniels Band\The Essential Charlie Daniels Band\08 - Texas.mp3
INFO:Processing \Music\The Chocolate Watchband\No Way Out...Plus\13 - Misty Lane.flac
INFO:Processing \Music\David Bowie\Diamond Dogs\06 - Rebel Rebel.mp3
INFO:Processing \Music\David Bowie\The Man Who Sold The World (Ryko Au20 Gold Disc)\01 - Width Of A Circle.mp3
INFO:Processing \Music\David Bowie\The Rise And Fall Of Ziggy Stardust And The Spiders From Mars (Ryko Au20 Gold Disc)\07 - Star.mp3
INFO:Processing \Music\Dire Straits\Money For Nothing\05 - Tunnel Of Love.flac
INFO:Processing \Music\Don McLean\American Pie\1-01 - American Pie.mp3
WARNING:Lame tag CRC check failed
INFO:Processing \Music\Elvis Presley\The Essential Elvis Presley\1-07 - Hound Dog (Remastered).flac
INFO:Processing \Music\Elvis Presley\The Essential Elvis Presley\1-12 - Jailhouse Rock.flac
INFO:Processing \Music\Evanescence\Fallen\02 - Bring Me to Life.mp3
INFO:Processing \Music\The Fratellis\Costello Music [Japanese Edition]\03 - Cuntry Boys & City Girls.mp3
INFO:Processing \Music\House of Pain\Fine Malt Lyrics\02 - Jump Around.mp3
INFO:Processing \Music\The Jam\Snap! [2006 Reissue]\1-05 - News Of The World.flac
INFO:Processing \Music\The Jam\Snap! [2006 Reissue]\2-10 - Town Called Malice.flac
INFO:Processing \Music\John Cale\Paris 1919\06 - Paris 1919.flac
INFO:Processing \Music\The Beatles\Past Masters, Volume One\1-06 - I Want To Hold Your Hand.mp3
INFO:Processing \Music\The Beatles\Revolver\1-06 - Yellow Submarine.mp3
INFO:Processing \Music\ABBA\ABBA Gold\1-14 - Gimme! Gimme! Gimme! (A Man After Midnight).mp3
WARNING:Invalid date: 0206
INFO:Processing \Music\The Beatles\Revolver\1-09 - And Your Bird Can Sing.mp3
INFO:Processing \Music\The Beatles\The Beatles\1-04 - Ob-La-Di, Ob-La-Da.mp3
INFO:Processing \Music\Public Enemy\How You Sell Soul To A Soulless People Who Sold Their Soul\03 - Harder Than You Think.mp3
INFO:Processing \Music\Mick Harvey\Two of Diamonds\1-11 - Out of Time Man.m4a
ERROR:No support for file type of: \Music\Mick Harvey\Two of Diamonds\1-11 - Out of Time Man.m4a
INFO:Processing \Music\Jimi Hendrix\Greatest Hits\1-08 - All Along The Watchtower.mp3
INFO:Processing \Music\The Beatles\Magical Mystery Tour\1-06 - I Am The Walrus.mp3
INFO:Processing \Music\Wax Audio\Mashopolos\02 - Thunder Busters.mp3
WARNING:Can't be confident we've found track \Music\Wax Audio\Mashopolos\02 - Thunder Busters.mp3
INFO:Processing \Music\Wax Audio\Mashopolos\01 - Whole Lotta Sabbath.mp3
WARNING:Can't be confident we've found track \Music\Wax Audio\Mashopolos\01 - Whole Lotta Sabbath.mp3
INFO:Processing \Music\Wax Audio\Mashopolos\03 - Stayin Alive In The Wall.mp3
WARNING:Can't be confident we've found track \Music\Wax Audio\Mashopolos\03 - Stayin Alive In The Wall.mp3
INFO:Processing \Music\Wax Audio\Mashopolos III - Mashups For The People\12 - Careless Rebel.mp3
WARNING:Can't be confident we've found track \Music\Wax Audio\Mashopolos III - Mashups For The People\12 - Careless Rebel.mp3
INFO:Processing \Music\Pink Floyd\Echoes - The Best of Pink Floyd\1-02 - See Emily Play.mp3
INFO:Processing \Music\Pink Floyd\Relics\11 - Bike.mp3
INFO:Processing \Music\Led Zeppelin\Led Zeppelin\03 - You Shook Me.mp3
INFO:Processing \Music\The Doors\Full Circle\06 - The Mosquito.MP3
INFO:Processing \Music\The Beatles\Sgt. Pepper's Lonely Hearts Club Band\1-03 - Lucy In The Sky With Diamonds.mp3
