INFO:Connecting to Spotify API
INFO:Done
INFO:Processing ﻿\Music\The Doors\L.A. Woman\05 - L.A. Woman.MP3
INFO:Processing \Music\The Doors\Alive She Cried\02 - Light My Fire.mp3
INFO:Processing \Music\The Clash\London Calling\04 - Hateful.mp3
INFO:Processing \Music\The Clash\London Calling\14 - The Card Cheat.mp3
INFO:Processing \Music\Cage The Elephant\Cage The Elephant\03 - Ain't No Rest For The Wicked.flac
INFO:Processing \Music\Arctic Monkeys\Whatever People Say I Am, That's What I'm Not\02 - I Bet You Look Good On The Dancefloor.mp3
INFO:Processing \Music\The Animals\Trackin' The Hits\1-01 - House Of The Rising Sun.flac
INFO:Processing \Music\a-ha\The Best Of\09 - Take on Me.mp3
INFO:Processing \Music\“Weird Al” Yankovic\The Essential  Weird Al  Yankovic\2-10 - eBay.flac
WARNING:Can't be confident we've found track \Music\“Weird Al” Yankovic\The Essential  Weird Al  Yankovic\2-10 - eBay.flac
INFO:Processing \Music\“Weird Al” Yankovic\The Essential  Weird Al  Yankovic\2-17 - White & Nerdy.flac
WARNING:Can't be confident we've found track \Music\“Weird Al” Yankovic\The Essential  Weird Al  Yankovic\2-17 - White & Nerdy.flac
INFO:Processing \Music\Bon Jovi\Bon Jovi Greatest Hits\1-02 - You Give Love A Bad Name.mp3
INFO:Processing \Music\Bonnie Tyler\The Magic Of Bonnie Tyler\12 - Total Eclipse Of The Heart.mp3
INFO:Processing \Music\The Chocolate Watchband\Melts In Your Brain...Not On Your Wrist (The Complete Recordings)\1-01 - Let's Talk About Girls.flac
INFO:Processing \Music\Led Zeppelin\Houses Of The Holy\06 - D'yer Mak'er.mp3
WARNING:Lame tag CRC check failed
INFO:Processing \Music\Led Zeppelin\Led Zeppelin\05 - Your Time Is Gonna Come.mp3
INFO:Processing \Music\The Chocolate Watchband\No Way Out...Plus\05 - Hot Dusty Road.flac
WARNING:Can't be confident we've found track \Music\The Chocolate Watchband\No Way Out...Plus\05 - Hot Dusty Road.flac
INFO:Processing \Music\Linkin Park\Hybrid Theory\1-05 - Crawling.mp3
INFO:Processing \Music\Led Zeppelin\In Through The Out Door\04 - Hot Dog.mp3
WARNING:Lame tag CRC check failed
INFO:Processing \Music\Led Zeppelin\Coda\03 - I Can't Quit You Baby.mp3
WARNING:Lame tag CRC check failed
INFO:Processing \Music\Led Zeppelin\Coda\06 - Darlene.mp3
INFO:Processing \Music\Meat Loaf\Bat Out Of Hell\1-06 - Paradise By The Dashboard Light.flac
INFO:Processing \Music\Nickelback\All The Right Reasons\1-03 - Photograph.mp3
INFO:Processing \Music\O-Zone\DiscO-Zone\03 - Dragostea Din Tei.mp3
INFO:Processing \Music\Pendulum\In Silico\1-03 - Propane Nightmares.mp3
INFO:Processing \Music\Pink Floyd\Dark Side Of The Moon - 30th Anniversary SACD\06 - Money.mp3
INFO:Processing \Music\Queen\The Game\05 - Crazy Little Thing Called Love.mp3
INFO:Processing \Music\Queen\Greatest Hits\04 - Fat Bottomed Girls.mp3
INFO:Processing \Music\Robbie Williams\I've Been Expecting You\1-07 - Jesus In A Camper Van.mp3
WARNING:Can't be confident we've found track \Music\Robbie Williams\I've Been Expecting You\1-07 - Jesus In A Camper Van.mp3
INFO:Processing \Music\Smash Mouth\Smash Mouth\13 - I'm A Believer.mp3
INFO:Processing \Music\Smash Mouth\Smash Mouth\14 - Bonus Track - All Star.mp3
WARNING:Can't be confident we've found track \Music\Smash Mouth\Smash Mouth\14 - Bonus Track - All Star.mp3
INFO:Processing \Music\Starship\We Built This City  The Very Best Of Starship\1-01 - We Built This City.mp3
INFO:Processing \Music\Stevie Wonder\Songs In The Key Of Life\1-05 - Sir Duke.mp3
INFO:Processing \Music\Styx\The Grand Illusion\05 - Miss America.flac
INFO:Processing \Music\2Pac\All Eyez On Me\05 - How Do You Want It.mp3
INFO:Processing \Music\ABBA\ABBA Gold\1-08 - The Winner Takes It All.mp3
WARNING:Invalid date: 0206
INFO:Processing \Music\Avril Lavigne\The Best Damn Thing\1-01 - Girlfriend.mp3
INFO:Processing \Music\Avril Lavigne\Let Go\1-03 - Sk8er Boi.mp3
INFO:Processing \Music\Badfinger\Magic Christian Music (2010 Remaster)\1-05 - Midnight Sun.flac
INFO:Processing \Music\Badfinger\Magic Christian Music (2010 Remaster)\1-07 - Rock Of All Ages.flac
INFO:Processing \Music\Bee Gees\One Night Only [Live]\1-18 - Tragedy.mp3
INFO:Processing \Music\The Charlie Daniels Band\The Essential Charlie Daniels Band\08 - Texas.mp3
INFO:Processing \Music\The Chocolate Watchband\No Way Out...Plus\13 - Misty Lane.flac
INFO:Processing \Music\David Bowie\Diamond Dogs\06 - Rebel Rebel.mp3
INFO:Processing \Music\David Bowie\The Man Who Sold The World (Ryko Au20 Gold Disc)\01 - Width Of A Circle.mp3
INFO:Processing \Music\David Bowie\The Rise And Fall Of Ziggy Stardust And The Spiders From Mars (Ryko Au20 Gold Disc)\07 - Star.mp3
INFO:Processing \Music\Dire Straits\Money For Nothing\05 - Tunnel Of Love.flac
INFO:Processing \Music\Don McLean\American Pie\1-01 - American Pie.mp3
WARNING:Lame tag CRC check failed
INFO:Processing \Music\Elvis Presley\The Essential Elvis Presley\1-07 - Hound Dog (Remastered).flac
INFO:Processing \Music\Elvis Presley\The Essential Elvis Presley\1-12 - Jailhouse Rock.flac
INFO:Processing \Music\Evanescence\Fallen\02 - Bring Me to Life.mp3
INFO:Processing \Music\The Fratellis\Costello Music [Japanese Edition]\03 - Cuntry Boys & City Girls.mp3
INFO:Processing \Music\House of Pain\Fine Malt Lyrics\02 - Jump Around.mp3
INFO:Processing \Music\The Jam\Snap! [2006 Reissue]\1-05 - News Of The World.flac
INFO:Processing \Music\The Jam\Snap! [2006 Reissue]\2-10 - Town Called Malice.flac
INFO:Processing \Music\John Cale\Paris 1919\06 - Paris 1919.flac
INFO:Processing \Music\The Beatles\Past Masters, Volume One\1-06 - I Want To Hold Your Hand.mp3
INFO:Processing \Music\The Beatles\Revolver\1-06 - Yellow Submarine.mp3
INFO:Processing \Music\ABBA\ABBA Gold\1-14 - Gimme! Gimme! Gimme! (A Man After Midnight).mp3
WARNING:Invalid date: 0206
INFO:Processing \Music\The Beatles\Revolver\1-09 - And Your Bird Can Sing.mp3
INFO:Processing \Music\The Beatles\The Beatles\1-04 - Ob-La-Di, Ob-La-Da.mp3
INFO:Processing \Music\Public Enemy\How You Sell Soul To A Soulless People Who Sold Their Soul\03 - Harder Than You Think.mp3
INFO:Processing \Music\Mick Harvey\Two of Diamonds\1-11 - Out of Time Man.m4a
ERROR:No support for file type of: \Music\Mick Harvey\Two of Diamonds\1-11 - Out of Time Man.m4a
INFO:Processing \Music\Jimi Hendrix\Greatest Hits\1-08 - All Along The Watchtower.mp3
INFO:Processing \Music\The Beatles\Magical Mystery Tour\1-06 - I Am The Walrus.mp3
INFO:Processing \Music\Wax Audio\Mashopolos\02 - Thunder Busters.mp3
WARNING:Can't be confident we've found track \Music\Wax Audio\Mashopolos\02 - Thunder Busters.mp3
INFO:Processing \Music\Wax Audio\Mashopolos\01 - Whole Lotta Sabbath.mp3
WARNING:Can't be confident we've found track \Music\Wax Audio\Mashopolos\01 - Whole Lotta Sabbath.mp3
INFO:Processing \Music\Wax Audio\Mashopolos\03 - Stayin Alive In The Wall.mp3
WARNING:Can't be confident we've found track \Music\Wax Audio\Mashopolos\03 - Stayin Alive In The Wall.mp3
INFO:Processing \Music\Wax Audio\Mashopolos III - Mashups For The People\12 - Careless Rebel.mp3
WARNING:Can't be confident we've found track \Music\Wax Audio\Mashopolos III - Mashups For The People\12 - Careless Rebel.mp3
INFO:Processing \Music\Pink Floyd\Echoes - The Best of Pink Floyd\1-02 - See Emily Play.mp3
INFO:Processing \Music\Pink Floyd\Relics\11 - Bike.mp3
INFO:Processing \Music\Led Zeppelin\Led Zeppelin\03 - You Shook Me.mp3
INFO:Processing \Music\The Doors\Full Circle\06 - The Mosquito.MP3
INFO:Processing \Music\The Beatles\Sgt. Pepper's Lonely Hearts Club Band\1-03 - Lucy In The Sky With Diamonds.mp3
INFO:Processing \Music\Deep Purple\Made in Japan\1-02 - Child In Time.mp3
INFO:Processing \Music\Dennaton Games\Hotline Miami\1-06 - Deep Cover.mp3
INFO:Processing \Music\Dire Straits\Communiqué\06 - Angel of Mercy.flac
INFO:Processing \Music\Queen\Flash Gordon\18 - The Hero.mp3
INFO:Processing \Music\Jimi Hendrix\Greatest Hits\1-19 - Voodoo Child (Slight Return).mp3
INFO:Processing \Music\Dennaton Games\Hotline Miami 2  Wrong Number\10 - Simma Hem.mp3
INFO:Processing \Music\David Bowie\Hunky Dory\01 - Changes.mp3
INFO:Processing \Music\Pink Floyd\Atom Heart Mother\03 - Summer '68.mp3
WARNING:Lame tag CRC check failed
INFO:Processing \Music\Queen\A Day at the Races\04 - The Millionaire Waltz.mp3
INFO:Processing \Music\Lynyrd Skynyrd\(pronounced ’lĕh‐’nérd ’skin‐’nérd)\03 - Free Bird.mp3
INFO:Processing \Music\Oasis\(What’s the Story) Morning Glory\10 - Morning Glory.mp3
INFO:Processing \Music\Oasis\Definitely Maybe\1-06 - Supersonic.mp3
INFO:Processing \Music\Genesis\Platinum Collection\1-08 - Land of Confusion.flac
INFO:Processing \Music\The Shins\Port Of Morrow\1-02 - Simple Song.mp3
INFO:Processing \Music\Led Zeppelin\Presence\06 - Hots On For Nowhere.mp3
INFO:Processing \Music\Tame Impala\Lonerism\1-07 - Feels Like We Only Go Backwards.mp3
INFO:Processing \Music\Iggy Pop\Nude & Rude  The Best of Iggy Pop\09 - Lust for Life.mp3
INFO:Processing \Music\Iggy Pop\Nude & Rude  The Best of Iggy Pop\10 - The Passenger.mp3
INFO:Processing \Music\Various Artists\Django Unchained\18 - Who Did That to You .mp3
WARNING:Can't be confident we've found track \Music\Various Artists\Django Unchained\18 - Who Did That to You .mp3
INFO:Processing \Music\Dizzy Gillespie; Charlie Parker\Bird and Diz\04 - Leap Frog.mp3
WARNING:Lame tag CRC check failed
ERROR:HTTP Error for GET to https://api.spotify.com/v1/search returned 400 due to error
ERROR:Unexpected error: <class 'spotipy.exceptions.SpotifyException'>
INFO:Processing \Music\The Coral\Singles Collection\02 - In the Morning.mp3
INFO:Processing \Music\“Weird Al” Yankovic\Straight Outta Lynwood\12 - Don’t Download This Song.flac
INFO:Processing \Music\The Zombies\Odessey And Oracle\12 - Time Of The Season.flac
WARNING:Can't be confident we've found track \Music\The Zombies\Odessey And Oracle\12 - Time Of The Season.flac
INFO:Processing \Music\Dizzy Gillespie; Charlie Parker\Bird and Diz\05 - An Oscar for Treadwell.mp3
WARNING:Lame tag CRC check failed
ERROR:HTTP Error for GET to https://api.spotify.com/v1/search returned 400 due to error
ERROR:Unexpected error: <class 'spotipy.exceptions.SpotifyException'>
INFO:Processing \Music\Cage The Elephant\Melophobia\01 - Spiderhead.flac
INFO:Processing \Music\Cream\Disraeli Gears (Deluxe Editon 2004)\01-04 - Dance The Night Away.mp3
INFO:Processing \Music\Public Service Broadcasting\The Race For Space\08 - Go!.flac
INFO:Processing \Music\The Who\Who’s Next\1-01 - Baba O’Riley.mp3
INFO:Processing \Music\The Who\Who’s Next\1-09 - Won’t Get Fooled Again.mp3
INFO:Processing \Music\Cream\Wheels of Fire\2-01 - Crossroads.mp3
WARNING:Lame tag CRC check failed
INFO:Processing \Music\Oasis\Don’t Believe the Truth\05 - The Importance of Being Idle.mp3
INFO:Processing \Music\Tame Impala\Tame Impala\03 - Half Full Glass Of Wine.mp3
INFO:Processing \Music\R.E.M\Document\06 - It’s the End of the World as We Know It (and I Feel Fine).flac
INFO:Processing \Music\Jimi Hendrix\Live at Woodstock\2-02 - Fire.mp3
INFO:Processing \Music\The White Stripes\Best Of The White Stripes\1-12 - Fell In Love With A Girl.flac
INFO:Processing \Music\The Kinks\Arthur (or The Decline and Fall of the British Empire)\08 - Mr. Churchill Says.mp3
INFO:Processing \Music\The Kinks\Arthur (or The Decline and Fall of the British Empire)\07 - Shangri‐La.mp3
INFO:Processing \Music\Tenacious D\The Pick of Destiny\14 - POD.mp3
WARNING:Lame tag CRC check failed
INFO:Processing \Music\The Clash\The Clash\# - I Fought The Law.flac
INFO:Processing \Music\Eric Clapton\Journeyman\06 - Hound Dog.mp3
INFO:Processing \Music\The Doors\Morrison Hotel\01 - Roadhouse Blues.MP3
INFO:Processing \Music\Queen\Sheer Heart Attack\01 - Brighton Rock.mp3
INFO:Processing \Music\Dizzy Gillespie\Manteca\10 - Cool Breeze.flac
INFO:Processing \Music\a-ha\Scoundrel Days\05 - Manhattan Skyline.mp3
WARNING:Lame tag CRC check failed
INFO:Processing \Music\Keane\Strangeland\10 - Day Will Come.mp3
INFO:Processing \Music\Jeff Buckley\Grace [Legacy Edition] Disc 1\1-03 - Last Goodbye.flac
INFO:Processing \Music\Led Zeppelin\Houses Of The Holy\04 - The Crunge.mp3
WARNING:Lame tag CRC check failed
INFO:Processing \Music\Cat Stevens\Tea For The Tillerman\05 - Miles From Nowhere.mp3
INFO:Processing \Music\Tyler, the Creator\Flower Boy\07 - Garden Shed.mp3
INFO:Processing \Music\Pat Metheny Group\Travels\1-01 - Are You Going With Me .flac
INFO:Processing \Music\Blue Cheer\Oh! Pleasant Hope\01 - Hiway Man.flac
WARNING:Can't be confident we've found track \Music\Blue Cheer\Oh! Pleasant Hope\01 - Hiway Man.flac
INFO:Processing \Music\Pink Floyd\The Wall\1-06 - Mother.mp3
INFO:Processing \Music\Muse\Black Holes And Revelations\03 - Supermassive Black Hole.mp3
INFO:Processing \Music\Daft Punk\Random Access Memories\05 - Instant Crush.mp3
WARNING:Can't be confident we've found track \Music\Daft Punk\Random Access Memories\05 - Instant Crush.mp3
INFO:Processing \Music\Franz Ferdinand\Franz Ferdinand (Limited Edition)\1-03 - Take Me Out.flac
INFO:Processing \Music\Maynard Ferguson\Carnival\08 - Over the Rainbow.flac
INFO:Playlist TEST PL: 16:23:59 created
INFO:Playlist populated
